<?xml version="1.0" encoding="UTF-8"?>
<!-- Generated by org.testng.reporters.JUnitReportReporter -->
<testsuite hostname="INLEN8520025282" failures="0" tests="2" name="Test.VerifyGetMethod" time="4.944" errors="0" timestamp="2022-06-14T16:19:31 IST" skipped="0">
  <testcase classname="Test.VerifyGetMethod" name="TestCreateMethod" time="3.430"/>
  <testcase classname="Test.VerifyGetMethod" name="TestGetMethod" time="1.514"/>
</testsuite> <!-- Test.VerifyGetMethod -->
