<?xml version="1.0" encoding="UTF-8"?>
<!-- Generated by org.testng.reporters.JUnitReportReporter -->
<testsuite hostname="INLEN8520025282" failures="0" tests="1" name="Test.get$post" time="1.286" errors="0" timestamp="2022-06-14T16:28:10 IST" skipped="0">
  <testcase classname="Test.get$post" name="TestpostMethod" time="1.286"/>
</testsuite> <!-- Test.get$post -->
