<?xml version="1.0" encoding="UTF-8"?>
<!-- Generated by org.testng.reporters.JUnitReportReporter -->
<testsuite hostname="INLEN8520025282" failures="0" tests="1" name="Test.verifyall1$post" time="0.001" errors="0" timestamp="2022-06-13T14:09:47 IST" skipped="0">
  <testcase classname="Test.verifyall1$post" name="TestpostMethod" time="0.001"/>
</testsuite> <!-- Test.verifyall1$post -->
