<?xml version="1.0" encoding="UTF-8"?>
<!-- Generated by org.testng.reporters.JUnitReportReporter -->
<testsuite hostname="INLEN8520025282" failures="0" tests="1" name="Test.get$Create" time="1.444" errors="0" timestamp="2022-06-14T16:29:10 IST" skipped="0">
  <testcase classname="Test.get$Create" name="TestpostMethod" time="1.444"/>
</testsuite> <!-- Test.get$Create -->
