<?xml version="1.0" encoding="UTF-8"?>
<!-- Generated by org.testng.reporters.JUnitReportReporter -->
<testsuite hostname="INLEN8520025282" failures="0" tests="1" name="Test.VerifyCreateMethod" time="4.232" errors="0" timestamp="2022-06-15T11:27:54 IST" skipped="0">
  <testcase classname="Test.VerifyCreateMethod" name="TestpostMethod" time="4.232"/>
</testsuite> <!-- Test.VerifyCreateMethod -->
