<?xml version="1.0" encoding="UTF-8"?>
<!-- Generated by org.testng.reporters.JUnitReportReporter -->
<testsuite hostname="INLEN8520025282" failures="0" tests="1" name="TestAll.VerifyAll" time="0.009" errors="0" timestamp="2022-06-13T12:45:59 IST" skipped="0">
  <testcase classname="TestAll.VerifyAll" name="TestCreateMethod" time="0.009"/>
</testsuite> <!-- TestAll.VerifyAll -->
